{
  "RSpec": {
    "coverage": {
      "/home/dependable-transpiler-5955/tic-tac-toe-rb-online-web-sp-000/lib/tic_tac_toe.rb": [
        null,
        1,
        null,
        null,
        null,
        null,
        null,
        null,
        null,
        null,
        null,
        1,
        5,
        5,
        5,
        5,
        5,
        null,
        null,
        1,
        13,
        null,
        null,
        1,
        3,
        null,
        null,
        1,
        47,
        null,
        null,
        1,
        13,
        10,
        null,
        null,
        null,
        null,
        1,
        10,
        10,
        10,
        10,
        9,
        0,
        null,
        1,
        null,
        null,
        null,
        1,
        2,
        2,
        18,
        5,
        null,
        null,
        2,
        null,
        null,
        1,
        1,
        1,
        null,
        0,
        null,
        null,
        null,
        1,
        20,
        114,
        10,
        null,
        null,
        null,
        null,
        1,
        134,
        10,
        null,
        12,
        null,
        null,
        null,
        1,
        10,
        4,
        null,
        6,
        null,
        null,
        null,
        1,
        11,
        7,
        null,
        null,
        null,
        1,
        3,
        2,
        null,
        null,
        null,
        1,
        12,
        7,
        null,
        5,
        3,
        2,
        2,
        null,
        null
      ]
    },
    "timestamp": 1558049618
  }
}
